<?xml version="1.0" encoding="UTF-8"?>
<!-- Generated by org.testng.reporters.JUnitXMLReporter -->
<testsuite ignored="0" hostname="d90e531fe419593" failures="0" tests="5" name="Test" time="15.016" errors="0" timestamp="2023-11-24T13:08:14 IST">
  <testcase classname="Develop.mobile.LoginActions" name="setupapp" time="4.525"/>
  <testcase classname="Develop.mobile.LoginActions" name="checkcappopen" time="1.536"/>
  <testcase classname="Develop.mobile.LoginActions" name="navigatetomessageservice" time="7.674"/>
  <testcase classname="Develop.mobile.LoginActions" name="bindservicetest" time="0.378"/>
  <testcase classname="Develop.mobile.LoginActions" name="unbindservicetest" time="0.838"/>
</testsuite> <!-- Test -->
