<?xml version="1.0" encoding="UTF-8"?>
<!-- Generated by org.testng.reporters.JUnitXMLReporter -->
<testsuite ignored="0" hostname="DESKTOP-CKEME0T" failures="1" tests="1" name="Test" time="5.322" errors="0" timestamp="2024-06-11T14:27:59 IST">
  <testcase classname="com.portal.test.ValidLogin" name="portal_login_valid" time="4.882">
    <failure type="java.lang.AssertionError" message="expected [true] but found [false]">
      <![CDATA[java.lang.AssertionError: expected [true] but found [false]
at com.portal.test.ValidLogin.portal_login_valid(ValidLogin.java:25)
at java.base/java.util.ArrayList.forEach(ArrayList.java:1511)
... Removed 30 stack frames]]>
    </failure>
  </testcase> <!-- portal_login_valid -->
</testsuite> <!-- Test -->
