<?xml version="1.0" encoding="UTF-8"?>
<!-- Generated by org.testng.reporters.JUnitXMLReporter -->
<testsuite ignored="0" hostname="d90e531fe419593" failures="0" tests="5" name="Test" time="16.841" errors="0" timestamp="2023-11-24T13:12:43 IST">
  <testcase classname="Develop.mobile.LoginActions" name="setupapp" time="5.175"/>
  <testcase classname="Develop.mobile.LoginActions" name="checkcappopen" time="0.852"/>
  <testcase classname="Develop.mobile.LoginActions" name="navigatetomessageservice" time="8.414"/>
  <testcase classname="Develop.mobile.LoginActions" name="bindservicetest" time="0.507"/>
  <testcase classname="Develop.mobile.LoginActions" name="unbindservicetest" time="1.788"/>
</testsuite> <!-- Test -->
